TN:verilator_coverage
SF:/home/akramlx/projects/axi-lite-riscv-soc-verification/include/decoder_if.vh
DA:9,42
BRDA:9,0,0,2
BRDA:9,0,1,6
BRDA:9,0,2,2
BRDA:9,0,3,42
BRDA:9,0,4,26
BRDA:9,0,5,22
BRDA:9,0,6,10
BRDA:9,0,7,6
BRDA:9,0,8,6
BRDA:9,0,9,6
BRDA:9,0,10,6
BRDA:9,0,11,2
BRDA:9,0,12,14
BRDA:9,0,13,14
BRDA:9,0,14,18
BRDA:9,0,15,10
BRDA:9,0,16,8
BRDA:9,0,17,12
BRDA:9,0,18,14
BRDA:9,0,19,12
BRDA:9,0,20,12
BRDA:9,0,21,12
BRDA:9,0,22,6
BRDA:9,0,23,16
BRDA:9,0,24,8
BRDA:9,0,25,8
BRDA:9,0,26,8
BRDA:9,0,27,10
BRDA:9,0,28,8
BRDA:9,0,29,8
BRDA:9,0,30,12
BRDA:9,0,31,6
DA:12,8
BRDA:12,0,0,6
BRDA:12,0,1,2
BRDA:12,0,2,8
BRDA:12,0,3,4
BRDA:12,0,4,2
DA:13,10
BRDA:13,0,0,4
BRDA:13,0,1,10
BRDA:13,0,2,4
BRDA:13,0,3,6
BRDA:13,0,4,2
DA:14,12
BRDA:14,0,0,8
BRDA:14,0,1,12
BRDA:14,0,2,4
BRDA:14,0,3,2
BRDA:14,0,4,2
DA:17,10
BRDA:17,0,0,6
BRDA:17,0,1,8
BRDA:17,0,2,6
BRDA:17,0,3,8
BRDA:17,0,4,6
BRDA:17,0,5,6
BRDA:17,0,6,6
BRDA:17,0,7,6
BRDA:17,0,8,6
BRDA:17,0,9,6
BRDA:17,0,10,6
BRDA:17,0,11,6
BRDA:17,0,12,8
BRDA:17,0,13,8
BRDA:17,0,14,6
BRDA:17,0,15,6
BRDA:17,0,16,6
BRDA:17,0,17,6
BRDA:17,0,18,6
BRDA:17,0,19,6
BRDA:17,0,20,8
BRDA:17,0,21,6
BRDA:17,0,22,10
BRDA:17,0,23,6
BRDA:17,0,24,6
BRDA:17,0,25,6
BRDA:17,0,26,4
BRDA:17,0,27,8
BRDA:17,0,28,10
BRDA:17,0,29,8
BRDA:17,0,30,8
BRDA:17,0,31,8
DA:20,15
BRDA:20,0,0,15
BRDA:20,0,1,11
BRDA:20,0,2,10
BRDA:20,0,3,6
DA:23,10
BRDA:23,0,0,2
BRDA:23,0,1,2
BRDA:23,0,2,6
BRDA:23,0,3,8
BRDA:23,0,4,8
BRDA:23,0,5,10
BRDA:23,0,6,8
DA:24,42
BRDA:24,0,0,42
BRDA:24,0,1,26
BRDA:24,0,2,22
DA:25,16
BRDA:25,0,0,12
BRDA:25,0,1,14
BRDA:25,0,2,12
BRDA:25,0,3,12
BRDA:25,0,4,12
BRDA:25,0,5,16
BRDA:25,0,6,8
DA:28,4
DA:38,2
DA:39,8
DA:42,4
DA:43,4
DA:46,2
DA:47,2
DA:50,2
DA:51,2
DA:54,6
DA:55,4
DA:58,2
DA:59,2
DA:60,2
DA:61,2
DA:64,0
DA:67,3
BRF:100
BRH:33
end_of_record
SF:/home/akramlx/projects/axi-lite-riscv-soc-verification/rtl/rv32i_decoder.sv
DA:11,61
DA:14,61
DA:15,61
DA:16,61
DA:20,18
DA:23,18
DA:24,18
DA:25,18
DA:30,4
DA:33,4
DA:34,4
DA:35,4
DA:39,2
DA:42,2
DA:43,2
DA:44,2
DA:50,138
DA:52,138
DA:53,138
DA:54,138
DA:55,138
DA:56,138
DA:57,138
DA:59,138
DA:60,138
DA:62,138
DA:64,138
DA:65,138
DA:67,138
DA:68,138
DA:70,138
DA:71,138
DA:73,138
DA:74,138
DA:76,138
DA:77,138
DA:79,138
DA:80,138
DA:81,138
DA:82,138
DA:85,138
DA:87,138
DA:91,138
DA:92,37
DA:93,37
DA:94,37
DA:95,6
DA:96,6
DA:97,2
DA:98,2
DA:100,2
DA:101,2
DA:103,2
DA:104,2
DA:107,4
DA:108,2
BRDA:108,0,0,2
BRDA:108,0,1,2
DA:109,2
DA:111,2
DA:112,2
DA:115,4
DA:116,2
BRDA:116,0,0,2
BRDA:116,0,1,2
DA:117,2
DA:119,2
DA:120,2
DA:123,4
DA:124,2
BRDA:124,0,0,2
BRDA:124,0,1,2
DA:125,2
DA:127,2
DA:128,2
DA:131,4
DA:132,2
BRDA:132,0,0,2
BRDA:132,0,1,2
DA:133,2
DA:135,2
DA:136,2
DA:139,6
DA:140,6
DA:141,2
DA:142,2
DA:144,2
DA:145,2
DA:147,2
DA:148,2
DA:151,4
DA:152,2
BRDA:152,0,0,2
BRDA:152,0,1,2
DA:153,2
DA:155,2
DA:156,2
DA:159,5
DA:160,3
BRDA:160,0,0,3
BRDA:160,0,1,2
DA:161,3
DA:163,2
DA:164,2
DA:167,0
DA:168,0
DA:173,24
DA:174,24
DA:175,24
DA:176,24
DA:177,24
DA:178,24
DA:179,24
DA:181,24
DA:182,2
DA:183,2
DA:184,2
DA:185,2
DA:186,2
DA:187,2
DA:188,2
DA:189,2
DA:190,2
DA:191,2
DA:192,2
DA:193,2
DA:194,4
DA:196,2
BRDA:196,0,0,2
BRDA:196,0,1,2
DA:197,2
DA:199,2
DA:200,2
DA:203,8
DA:205,8
DA:206,2
DA:207,2
DA:209,3
DA:210,3
DA:212,3
DA:213,3
DA:217,0
DA:218,0
DA:225,16
DA:226,16
DA:227,16
DA:228,16
DA:229,16
DA:230,16
DA:231,16
DA:232,16
DA:233,16
DA:238,10
DA:239,10
DA:240,6
DA:241,6
DA:245,17
DA:246,17
DA:247,17
DA:248,17
DA:249,17
DA:250,17
DA:251,17
DA:252,17
DA:254,17
DA:257,7
DA:258,7
DA:259,10
DA:260,10
DA:264,18
DA:265,18
DA:266,18
DA:267,18
DA:268,18
DA:269,18
DA:270,18
DA:271,18
DA:273,18
DA:274,2
DA:275,2
DA:276,2
DA:278,2
DA:279,2
DA:280,2
DA:282,2
DA:283,2
DA:284,2
DA:286,2
DA:287,2
DA:288,2
DA:290,2
DA:291,2
DA:292,2
DA:294,3
DA:295,3
DA:296,3
DA:298,5
DA:299,5
DA:304,2
DA:305,2
DA:306,2
DA:307,2
DA:308,2
DA:309,2
DA:310,2
DA:311,2
DA:312,2
DA:313,2
DA:314,2
DA:315,2
DA:319,4
DA:320,4
DA:321,4
DA:322,4
DA:323,4
DA:324,4
DA:325,4
DA:326,4
DA:327,4
DA:329,2
BRDA:329,0,0,2
BRDA:329,0,1,2
DA:330,2
DA:334,2
DA:335,2
DA:336,2
DA:337,2
DA:338,2
DA:339,2
DA:340,2
DA:341,2
DA:345,2
DA:346,2
DA:347,2
DA:348,2
DA:349,2
DA:350,2
DA:351,2
DA:352,2
DA:353,2
DA:357,4
DA:358,4
DA:359,4
DA:360,4
DA:362,2
BRDA:362,0,0,2
BRDA:362,0,1,2
DA:363,2
DA:365,2
DA:366,2
DA:370,7
DA:371,7
DA:372,7
DA:373,7
DA:374,7
DA:375,2
DA:376,2
DA:378,3
DA:379,3
DA:380,3
DA:382,2
DA:384,2
DA:389,5
DA:390,5
DA:394,85
BRDA:394,0,0,85
BRDA:394,0,1,53
DA:395,53
DA:397,53
DA:398,53
DA:400,53
DA:401,53
DA:403,53
DA:404,53
DA:406,53
DA:407,53
DA:408,53
DA:409,53
BRF:20
BRH:2
end_of_record
SF:/home/akramlx/projects/axi-lite-riscv-soc-verification/tb/rv32i_decoder_wrapper.sv
DA:4,42
BRDA:4,0,0,2
BRDA:4,0,1,6
BRDA:4,0,2,2
BRDA:4,0,3,42
BRDA:4,0,4,26
BRDA:4,0,5,22
BRDA:4,0,6,10
BRDA:4,0,7,6
BRDA:4,0,8,6
BRDA:4,0,9,6
BRDA:4,0,10,6
BRDA:4,0,11,2
BRDA:4,0,12,14
BRDA:4,0,13,14
BRDA:4,0,14,18
BRDA:4,0,15,10
BRDA:4,0,16,8
BRDA:4,0,17,12
BRDA:4,0,18,14
BRDA:4,0,19,12
BRDA:4,0,20,12
BRDA:4,0,21,12
BRDA:4,0,22,6
BRDA:4,0,23,16
BRDA:4,0,24,8
BRDA:4,0,25,8
BRDA:4,0,26,8
BRDA:4,0,27,10
BRDA:4,0,28,8
BRDA:4,0,29,8
BRDA:4,0,30,12
BRDA:4,0,31,6
DA:6,8
BRDA:6,0,0,6
BRDA:6,0,1,2
BRDA:6,0,2,8
BRDA:6,0,3,4
BRDA:6,0,4,2
DA:7,10
BRDA:7,0,0,4
BRDA:7,0,1,10
BRDA:7,0,2,4
BRDA:7,0,3,6
BRDA:7,0,4,2
DA:8,12
BRDA:8,0,0,8
BRDA:8,0,1,12
BRDA:8,0,2,4
BRDA:8,0,3,2
BRDA:8,0,4,2
DA:10,10
BRDA:10,0,0,6
BRDA:10,0,1,8
BRDA:10,0,2,6
BRDA:10,0,3,8
BRDA:10,0,4,6
BRDA:10,0,5,6
BRDA:10,0,6,6
BRDA:10,0,7,6
BRDA:10,0,8,6
BRDA:10,0,9,6
BRDA:10,0,10,6
BRDA:10,0,11,6
BRDA:10,0,12,8
BRDA:10,0,13,8
BRDA:10,0,14,6
BRDA:10,0,15,6
BRDA:10,0,16,6
BRDA:10,0,17,6
BRDA:10,0,18,6
BRDA:10,0,19,6
BRDA:10,0,20,8
BRDA:10,0,21,6
BRDA:10,0,22,10
BRDA:10,0,23,6
BRDA:10,0,24,6
BRDA:10,0,25,6
BRDA:10,0,26,4
BRDA:10,0,27,8
BRDA:10,0,28,10
BRDA:10,0,29,8
BRDA:10,0,30,8
BRDA:10,0,31,8
DA:11,15
BRDA:11,0,0,15
BRDA:11,0,1,11
BRDA:11,0,2,10
BRDA:11,0,3,6
DA:13,10
BRDA:13,0,0,2
BRDA:13,0,1,2
BRDA:13,0,2,6
BRDA:13,0,3,8
BRDA:13,0,4,8
BRDA:13,0,5,10
BRDA:13,0,6,8
DA:14,42
BRDA:14,0,0,42
BRDA:14,0,1,26
BRDA:14,0,2,22
DA:15,16
BRDA:15,0,0,12
BRDA:15,0,1,14
BRDA:15,0,2,12
BRDA:15,0,3,12
BRDA:15,0,4,12
BRDA:15,0,5,16
BRDA:15,0,6,8
DA:17,4
DA:19,2
DA:20,8
DA:22,4
DA:23,4
DA:25,2
DA:26,2
DA:28,2
DA:29,2
DA:31,6
DA:32,4
DA:34,2
DA:35,2
DA:36,2
DA:37,2
DA:38,0
DA:40,3
DA:48,1
DA:49,1
DA:53,1
DA:54,1
DA:55,1
DA:56,1
DA:58,1
DA:59,1
DA:61,1
DA:62,1
DA:63,1
DA:65,1
DA:67,1
DA:68,1
DA:70,1
DA:71,1
DA:73,1
DA:74,1
DA:76,1
DA:77,1
DA:79,1
DA:80,1
DA:82,1
DA:83,1
DA:84,1
DA:85,1
DA:86,1
DA:88,1
BRF:100
BRH:33
end_of_record
